{"uid":"8c9a7a7abf1135b","name":"test_attachments","fullName":"tests.test_attachments#test_attachments","historyId":"a5b9628e7aa5b269762a622087644994","time":{"start":1697387113886,"stop":1697387113887,"duration":1},"status":"passed","flaky":false,"newFailed":false,"newBroken":false,"newPassed":false,"retriesCount":0,"retriesStatusChange":false,"beforeStages":[{"name":"configure_browser","time":{"start":1697387113885,"stop":1697387113886,"duration":1},"status":"passed","steps":[],"attachments":[],"parameters":[],"shouldDisplayMessage":false,"stepsCount":0,"attachmentsCount":0,"hasContent":false}],"testStage":{"status":"passed","steps":[],"attachments":[{"uid":"3a05c939ce7d07e3","name":"Text","source":"3a05c939ce7d07e3.txt","type":"text/plain","size":12},{"uid":"349cbd426888cfc8","name":"Html","source":"349cbd426888cfc8.html","type":"text/html","size":21},{"uid":"a81321da651aa15a","name":"Json","source":"a81321da651aa15a.json","type":"application/json","size":25}],"parameters":[],"shouldDisplayMessage":false,"stepsCount":0,"attachmentsCount":3,"hasContent":true},"afterStages":[{"name":"configure_browser::0","time":{"start":1697387124263,"stop":1697387125167,"duration":904},"status":"broken","statusMessage":"selenium.common.exceptions.SessionNotCreatedException: Message: session not created: This version of ChromeDriver only supports Chrome version 118\nCurrent browser version is 117.0.5938.132 with binary path /opt/google/chrome/chrome\nStacktrace:\n#0 0x55db5fe08fb3 <unknown>\n#1 0x55db5fadc4a7 <unknown>\n#2 0x55db5fb1495b <unknown>\n#3 0x55db5fb13c1a <unknown>\n#4 0x55db5fb0eacf <unknown>\n#5 0x55db5fb0c10c <unknown>\n#6 0x55db5fb4eac6 <unknown>\n#7 0x55db5fb45713 <unknown>\n#8 0x55db5fb1818b <unknown>\n#9 0x55db5fb18f7e <unknown>\n#10 0x55db5fdce8d8 <unknown>\n#11 0x55db5fdd2800 <unknown>\n#12 0x55db5fddccfc <unknown>\n#13 0x55db5fdd3418 <unknown>\n#14 0x55db5fda042f <unknown>\n#15 0x55db5fdf74e8 <unknown>\n#16 0x55db5fdf76b4 <unknown>\n#17 0x55db5fe08143 <unknown>\n#18 0x7f746ec94b43 <unknown>\n\n","statusTrace":"  File \"/opt/hostedtoolcache/Python/3.11.5/x64/lib/python3.11/site-packages/allure_commons/_allure.py\", line 221, in __call__\n    return self._fixture_function(*args, **kwargs)\n           ^^^^^^^^^^^^^^^^^^^^^^^^^^^^^^^^^^^^^^^\n  File \"/opt/hostedtoolcache/Python/3.11.5/x64/lib/python3.11/site-packages/_pytest/fixtures.py\", line 911, in _teardown_yield_fixture\n    next(it)\n  File \"/home/runner/work/qaguru_lesson_9/qaguru_lesson_9/tests/conftest.py\", line 16, in configure_browser\n    browser.close()\n  File \"/opt/hostedtoolcache/Python/3.11.5/x64/lib/python3.11/site-packages/selene/core/entity.py\", line 1209, in close\n    self.driver.close()\n    ^^^^^^^^^^^\n  File \"/opt/hostedtoolcache/Python/3.11.5/x64/lib/python3.11/site-packages/selene/core/entity.py\", line 1100, in driver\n    return self.config.driver\n           ^^^^^^^^^^^^^^^^^^\n  File \"/opt/hostedtoolcache/Python/3.11.5/x64/lib/python3.11/site-packages/selene/core/configuration.py\", line 343, in __get__\n    driver = config.build_driver_strategy(config)\n             ^^^^^^^^^^^^^^^^^^^^^^^^^^^^^^^^^^^^\n  File \"/opt/hostedtoolcache/Python/3.11.5/x64/lib/python3.11/site-packages/selene/core/configuration.py\", line 171, in _build_local_driver_by_name_or_remote_by_url_and_options\n    return {  # type: ignore\n           ^^^^^^^^^^^^^^^^^\n  File \"/opt/hostedtoolcache/Python/3.11.5/x64/lib/python3.11/site-packages/selene/core/configuration.py\", line 93, in install_and_build_chrome\n    return Chrome(\n           ^^^^^^^\n  File \"/opt/hostedtoolcache/Python/3.11.5/x64/lib/python3.11/site-packages/selenium/webdriver/chrome/webdriver.py\", line 45, in __init__\n    super().__init__(\n  File \"/opt/hostedtoolcache/Python/3.11.5/x64/lib/python3.11/site-packages/selenium/webdriver/chromium/webdriver.py\", line 56, in __init__\n    super().__init__(\n  File \"/opt/hostedtoolcache/Python/3.11.5/x64/lib/python3.11/site-packages/selenium/webdriver/remote/webdriver.py\", line 205, in __init__\n    self.start_session(capabilities)\n  File \"/opt/hostedtoolcache/Python/3.11.5/x64/lib/python3.11/site-packages/selenium/webdriver/remote/webdriver.py\", line 289, in start_session\n    response = self.execute(Command.NEW_SESSION, caps)[\"value\"]\n               ^^^^^^^^^^^^^^^^^^^^^^^^^^^^^^^^^^^^^^^\n  File \"/opt/hostedtoolcache/Python/3.11.5/x64/lib/python3.11/site-packages/selenium/webdriver/remote/webdriver.py\", line 344, in execute\n    self.error_handler.check_response(response)\n  File \"/opt/hostedtoolcache/Python/3.11.5/x64/lib/python3.11/site-packages/selenium/webdriver/remote/errorhandler.py\", line 229, in check_response\n    raise exception_class(message, screen, stacktrace)\n","steps":[],"attachments":[],"parameters":[],"shouldDisplayMessage":true,"stepsCount":0,"attachmentsCount":0,"hasContent":true}],"labels":[{"name":"parentSuite","value":"tests"},{"name":"suite","value":"test_attachments"},{"name":"host","value":"fv-az563-254"},{"name":"thread","value":"2277-MainThread"},{"name":"framework","value":"pytest"},{"name":"language","value":"cpython3"},{"name":"package","value":"tests.test_attachments"},{"name":"resultFormat","value":"allure2"}],"parameters":[],"links":[],"hidden":false,"retry":false,"extra":{"severity":"normal","retries":[],"categories":[],"history":{"statistic":{"failed":0,"broken":1,"skipped":0,"passed":3,"unknown":0,"total":4},"items":[{"uid":"1defd960eb4f112d","reportUrl":"https://ils-808.github.io/qaguru_lesson_9/7//#testresult/1defd960eb4f112d","status":"passed","time":{"start":1697385516961,"stop":1697385516962,"duration":1}},{"uid":"c31e1464f873a79","reportUrl":"https://ils-808.github.io/qaguru_lesson_9/3//#testresult/c31e1464f873a79","status":"passed","time":{"start":1697384521026,"stop":1697384521026,"duration":0}},{"uid":"bafcea72f00b2d00","reportUrl":"https://ils-808.github.io/qaguru_lesson_9/1//#testresult/bafcea72f00b2d00","status":"broken","statusDetails":"selenium.common.exceptions.SessionNotCreatedException: Message: session not created: Chrome failed to start: exited normally.\n  (session not created: DevToolsActivePort file doesn't exist)\n  (The process started from chrome location /opt/google/chrome/chrome is no longer running, so ChromeDriver is assuming that Chrome has crashed.)\nStacktrace:\n#0 0x55aa4e18cfb3 <unknown>\n#1 0x55aa4de604a7 <unknown>\n#2 0x55aa4de93c93 <unknown>\n#3 0x55aa4de9010c <unknown>\n#4 0x55aa4ded2ac6 <unknown>\n#5 0x55aa4dec9713 <unknown>\n#6 0x55aa4de9c18b <unknown>\n#7 0x55aa4de9cf7e <unknown>\n#8 0x55aa4e1528d8 <unknown>\n#9 0x55aa4e156800 <unknown>\n#10 0x55aa4e160cfc <unknown>\n#11 0x55aa4e157418 <unknown>\n#12 0x55aa4e12442f <unknown>\n#13 0x55aa4e17b4e8 <unknown>\n#14 0x55aa4e17b6b4 <unknown>\n#15 0x55aa4e18c143 <unknown>\n#16 0x7f88d4c94b43 <unknown>","time":{"start":1697382835639,"stop":1697382835639,"duration":0}}]},"tags":[]},"source":"8c9a7a7abf1135b.json","parameterValues":[]}